TN:
SF:controllers\pickupController.js
FN:3,(anonymous_0)
FN:13,(anonymous_1)
FN:22,(anonymous_2)
FN:47,(anonymous_3)
FN:60,(anonymous_4)
FNF:5
FNH:5
FNDA:3,(anonymous_0)
FNDA:2,(anonymous_1)
FNDA:3,(anonymous_2)
FNDA:3,(anonymous_3)
FNDA:3,(anonymous_4)
DA:1,2
DA:3,2
DA:4,3
DA:5,3
DA:6,3
DA:7,2
DA:9,1
DA:13,2
DA:14,2
DA:15,2
DA:16,1
DA:18,1
DA:22,2
DA:23,3
DA:24,3
DA:25,3
DA:36,2
DA:37,1
DA:40,1
DA:42,1
DA:47,2
DA:48,3
DA:49,3
DA:50,3
DA:51,2
DA:52,1
DA:54,1
DA:56,1
DA:60,2
DA:61,3
DA:62,3
DA:63,3
DA:64,2
DA:65,1
DA:67,1
DA:69,1
LF:36
LH:36
BRDA:36,0,0,1
BRDA:36,0,1,1
BRDA:51,1,0,1
BRDA:51,1,1,1
BRDA:64,2,0,1
BRDA:64,2,1,1
BRF:6
BRH:6
end_of_record
TN:
SF:models\Pickup.js
FNF:0
FNH:0
DA:1,3
DA:2,3
DA:8,3
LF:3
LH:3
BRF:0
BRH:0
end_of_record
TN:
SF:routes\pickupRoutes.js
FNF:0
FNH:0
DA:1,1
DA:2,1
DA:3,1
DA:5,1
DA:6,1
DA:7,1
DA:8,1
DA:9,1
DA:11,1
LF:9
LH:9
BRF:0
BRH:0
end_of_record
